0 info it worked if it ends with ok
1 verbose cli [ '/usr/local/bin/node',
1 verbose cli   '/usr/local/lib/node_modules/npm/bin/npm-cli.js',
1 verbose cli   'run',
1 verbose cli   'dev' ]
2 info using npm@3.10.9
3 info using node@v6.9.2
4 verbose run-script [ 'predev', 'dev', 'postdev' ]
5 info lifecycle xk_help@1.0.0~predev: xk_help@1.0.0
6 silly lifecycle xk_help@1.0.0~predev: no script for predev, continuing
7 info lifecycle xk_help@1.0.0~dev: xk_help@1.0.0
8 verbose lifecycle xk_help@1.0.0~dev: unsafe-perm in lifecycle true
9 verbose lifecycle xk_help@1.0.0~dev: PATH: /usr/local/lib/node_modules/npm/bin/node-gyp-bin:/Users/zhouzhen/github/xk_help/node_modules/.bin:/usr/local/sbin:/usr/local/opt/php55/bin:/usr/local/bin:/usr/bin:/bin:/usr/sbin:/sbin
10 verbose lifecycle xk_help@1.0.0~dev: CWD: /Users/zhouzhen/github/xk_help
11 silly lifecycle xk_help@1.0.0~dev: Args: [ '-c', 'webpack-dev-server --config webpack.config.dev.js' ]
12 silly lifecycle xk_help@1.0.0~dev: Returned: code: 1  signal: null
13 info lifecycle xk_help@1.0.0~dev: Failed to exec dev script
14 verbose stack Error: xk_help@1.0.0 dev: `webpack-dev-server --config webpack.config.dev.js`
14 verbose stack Exit status 1
14 verbose stack     at EventEmitter.<anonymous> (/usr/local/lib/node_modules/npm/lib/utils/lifecycle.js:255:16)
14 verbose stack     at emitTwo (events.js:106:13)
14 verbose stack     at EventEmitter.emit (events.js:191:7)
14 verbose stack     at ChildProcess.<anonymous> (/usr/local/lib/node_modules/npm/lib/utils/spawn.js:40:14)
14 verbose stack     at emitTwo (events.js:106:13)
14 verbose stack     at ChildProcess.emit (events.js:191:7)
14 verbose stack     at maybeClose (internal/child_process.js:877:16)
14 verbose stack     at Process.ChildProcess._handle.onexit (internal/child_process.js:226:5)
15 verbose pkgid xk_help@1.0.0
16 verbose cwd /Users/zhouzhen/github/xk_help
17 error Darwin 16.3.0
18 error argv "/usr/local/bin/node" "/usr/local/lib/node_modules/npm/bin/npm-cli.js" "run" "dev"
19 error node v6.9.2
20 error npm  v3.10.9
21 error code ELIFECYCLE
22 error xk_help@1.0.0 dev: `webpack-dev-server --config webpack.config.dev.js`
22 error Exit status 1
23 error Failed at the xk_help@1.0.0 dev script 'webpack-dev-server --config webpack.config.dev.js'.
23 error Make sure you have the latest version of node.js and npm installed.
23 error If you do, this is most likely a problem with the xk_help package,
23 error not with npm itself.
23 error Tell the author that this fails on your system:
23 error     webpack-dev-server --config webpack.config.dev.js
23 error You can get information on how to open an issue for this project with:
23 error     npm bugs xk_help
23 error Or if that isn't available, you can get their info via:
23 error     npm owner ls xk_help
23 error There is likely additional logging output above.
24 verbose exit [ 1, true ]
